-------------------------------------------------------------------------------
Test set: com.example.cbpparser.CbpparserApplicationTests
-------------------------------------------------------------------------------
Tests run: 1, Failures: 0, Errors: 1, Skipped: 0, Time elapsed: 0.195 s <<< FAILURE! - in com.example.cbpparser.CbpparserApplicationTests
com.example.cbpparser.CbpparserApplicationTests  Time elapsed: 0.194 s  <<< ERROR!
java.lang.IllegalStateException: Unable to find a @SpringBootConfiguration, you need to use @ContextConfiguration or @SpringBootTest(classes=...) with your test

